  AstroidsPrivate.cpp
  BaseManager.cpp
  CollisionComponent.cpp
  CollisionListener.cpp
  ControlledMovementComponent.cpp
  DropManager.cpp
  DropMovementComponent.cpp
  EnemyAIManager.cpp
  ExplosionComponent.cpp
  GameComponent.cpp
  GameManager.cpp
  GameObject.cpp
  HealthComponent.cpp
  Main.cpp
  PlayerManager.cpp
  ProjectileComponent.cpp
  RandomMovementComponent.cpp
  ResourceManager.cpp
  ScoreManager.cpp
  SpriteComponent.cpp
  Timer.cpp
  Generating Code...
  Compiling...
  WindowManager.cpp
  imgui-SFML.cpp
  imgui.cpp
  imgui_demo.cpp
  imgui_draw.cpp
  imgui_tables.cpp
  imgui_widgets.cpp
  Generating Code...
  Astroids.vcxproj -> D:\Astroids\x64\Debug\Astroids.exe
