  AstroidsPrivate.cpp
  BaseManager.cpp
  CollisionComponent.cpp
  CollisionListener.cpp
  ControlledMovementComponent.cpp
  DropManager.cpp
  DropMovementComponent.cpp
  ExplosionComponent.cpp
  GameObject.cpp
  GameComponent.cpp
  EnemyAIManager.cpp
  GameManager.cpp
  HealthComponent.cpp
  imgui-SFML.cpp
  imgui.cpp
  imgui_demo.cpp
  imgui_draw.cpp
  imgui_tables.cpp
  imgui_widgets.cpp
  Main.cpp
  PlayerManager.cpp
  Compiling...
  ProjectileComponent.cpp
  RandomMovementComponent.cpp
  ResourceManager.cpp
  ScoreManager.cpp
  SpriteComponent.cpp
  Timer.cpp
  WindowManager.cpp
  Generating code
  Previous IPDB not found, fall back to full compilation.
  All 3805 functions were compiled because no usable IPDB/IOBJ from previous compilation was found.
  Finished generating code
  Astroids.vcxproj -> D:\Astroids\x64\Release\Astroids.exe
